<?xml version="1.0" encoding="UTF-8"?>
<testng-results ignored="0" total="2" passed="2" failed="0" skipped="0">
  <reporter-output>
  </reporter-output>
  <suite started-at="2023-01-11T16:07:30 IST" name="Default suite" finished-at="2023-01-11T16:07:30 IST" duration-ms="93">
    <groups>
    </groups>
    <test started-at="2023-01-11T16:07:30 IST" name="Default test" finished-at="2023-01-11T16:07:30 IST" duration-ms="93">
      <class name="com.qa.rcb.playersearchtest.PlayerSearchTest">
        <test-method signature="foreignPlayersname()[pri:0, instance:com.qa.rcb.playersearchtest.PlayerSearchTest@64cd705f]" started-at="2023-01-11T16:07:30 IST" name="foreignPlayersname" finished-at="2023-01-11T16:07:30 IST" duration-ms="23" status="PASS">
          <reporter-output>
          </reporter-output>
        </test-method> <!-- foreignPlayersname -->
        <test-method signature="wicketkeeperssname()[pri:0, instance:com.qa.rcb.playersearchtest.PlayerSearchTest@64cd705f]" started-at="2023-01-11T16:07:30 IST" name="wicketkeeperssname" finished-at="2023-01-11T16:07:30 IST" duration-ms="4" status="PASS">
          <reporter-output>
          </reporter-output>
        </test-method> <!-- wicketkeeperssname -->
      </class> <!-- com.qa.rcb.playersearchtest.PlayerSearchTest -->
    </test> <!-- Default test -->
  </suite> <!-- Default suite -->
</testng-results>
